[2018-09-03T00:01:25.880] [INFO] access - ::1 - - "GET / HTTP/1.1" 200 1437 "" "Mozilla/5.0 (Windows NT 10.0; Win64; x64) AppleWebKit/537.36 (KHTML, like Gecko) Chrome/64.0.3282.140 Safari/537.36 Edge/17.17134"
[2018-09-03T00:01:30.384] [INFO] access - ::1 - - "GET /search HTTP/1.1" 200 2657 "http://localhost:3000/" "Mozilla/5.0 (Windows NT 10.0; Win64; x64) AppleWebKit/537.36 (KHTML, like Gecko) Chrome/64.0.3282.140 Safari/537.36 Edge/17.17134"
[2018-09-03T00:01:31.184] [INFO] access - ::1 - - "GET /account HTTP/1.1" 200 1523 "http://localhost:3000/search" "Mozilla/5.0 (Windows NT 10.0; Win64; x64) AppleWebKit/537.36 (KHTML, like Gecko) Chrome/64.0.3282.140 Safari/537.36 Edge/17.17134"
[2018-09-03T00:01:32.551] [INFO] access - ::1 - - "GET /account/posts/regist/ HTTP/1.1" 200 3054 "http://localhost:3000/account" "Mozilla/5.0 (Windows NT 10.0; Win64; x64) AppleWebKit/537.36 (KHTML, like Gecko) Chrome/64.0.3282.140 Safari/537.36 Edge/17.17134"
[2018-09-03T00:01:34.847] [WARN] access - ::1 - - "GET /account HTTP/1.1" 304 - "http://localhost:3000/account" "Mozilla/5.0 (Windows NT 10.0; Win64; x64) AppleWebKit/537.36 (KHTML, like Gecko) Chrome/64.0.3282.140 Safari/537.36 Edge/17.17134"
[2018-09-03T00:01:35.965] [WARN] access - ::1 - - "GET /account HTTP/1.1" 304 - "http://localhost:3000/account" "Mozilla/5.0 (Windows NT 10.0; Win64; x64) AppleWebKit/537.36 (KHTML, like Gecko) Chrome/64.0.3282.140 Safari/537.36 Edge/17.17134"
[2018-09-03T00:04:40.233] [WARN] access - ::1 - - "GET /account HTTP/1.1" 302 72 "http://localhost:3000/account" "Mozilla/5.0 (Windows NT 10.0; Win64; x64) AppleWebKit/537.36 (KHTML, like Gecko) Chrome/64.0.3282.140 Safari/537.36 Edge/17.17134"
[2018-09-03T00:04:45.175] [WARN] access - ::1 - - "GET / HTTP/1.1" 304 - "" "Mozilla/5.0 (Windows NT 10.0; Win64; x64) AppleWebKit/537.36 (KHTML, like Gecko) Chrome/64.0.3282.140 Safari/537.36 Edge/17.17134"
[2018-09-03T00:04:46.593] [WARN] access - ::1 - - "GET /account HTTP/1.1" 302 72 "http://localhost:3000/" "Mozilla/5.0 (Windows NT 10.0; Win64; x64) AppleWebKit/537.36 (KHTML, like Gecko) Chrome/64.0.3282.140 Safari/537.36 Edge/17.17134"
[2018-09-03T00:06:13.335] [WARN] access - ::1 - - "GET / HTTP/1.1" 304 - "" "Mozilla/5.0 (Windows NT 10.0; Win64; x64) AppleWebKit/537.36 (KHTML, like Gecko) Chrome/64.0.3282.140 Safari/537.36 Edge/17.17134"
[2018-09-03T00:06:14.659] [WARN] access - ::1 - - "GET /account HTTP/1.1" 302 72 "http://localhost:3000/" "Mozilla/5.0 (Windows NT 10.0; Win64; x64) AppleWebKit/537.36 (KHTML, like Gecko) Chrome/64.0.3282.140 Safari/537.36 Edge/17.17134"
[2018-09-03T00:08:53.602] [WARN] access - ::1 - - "GET /account HTTP/1.1" 302 72 "http://localhost:3000/" "Mozilla/5.0 (Windows NT 10.0; Win64; x64) AppleWebKit/537.36 (KHTML, like Gecko) Chrome/64.0.3282.140 Safari/537.36 Edge/17.17134"
[2018-09-03T00:08:54.876] [WARN] access - ::1 - - "GET /search HTTP/1.1" 304 - "http://localhost:3000/" "Mozilla/5.0 (Windows NT 10.0; Win64; x64) AppleWebKit/537.36 (KHTML, like Gecko) Chrome/64.0.3282.140 Safari/537.36 Edge/17.17134"
[2018-09-03T00:08:56.114] [WARN] access - ::1 - - "GET /account HTTP/1.1" 302 72 "http://localhost:3000/search" "Mozilla/5.0 (Windows NT 10.0; Win64; x64) AppleWebKit/537.36 (KHTML, like Gecko) Chrome/64.0.3282.140 Safari/537.36 Edge/17.17134"
[2018-09-03T00:09:33.439] [WARN] access - ::1 - - "GET / HTTP/1.1" 304 - "" "Mozilla/5.0 (Windows NT 10.0; Win64; x64) AppleWebKit/537.36 (KHTML, like Gecko) Chrome/64.0.3282.140 Safari/537.36 Edge/17.17134"
[2018-09-03T00:09:35.120] [WARN] access - ::1 - - "GET /account HTTP/1.1" 302 72 "http://localhost:3000/" "Mozilla/5.0 (Windows NT 10.0; Win64; x64) AppleWebKit/537.36 (KHTML, like Gecko) Chrome/64.0.3282.140 Safari/537.36 Edge/17.17134"
[2018-09-03T00:09:41.520] [WARN] access - ::1 - - "GET /search HTTP/1.1" 304 - "http://localhost:3000/" "Mozilla/5.0 (Windows NT 10.0; Win64; x64) AppleWebKit/537.36 (KHTML, like Gecko) Chrome/64.0.3282.140 Safari/537.36 Edge/17.17134"
[2018-09-03T00:09:42.799] [INFO] access - ::1 - - "GET /posts/scds HTTP/1.1" 200 1567 "http://localhost:3000/search" "Mozilla/5.0 (Windows NT 10.0; Win64; x64) AppleWebKit/537.36 (KHTML, like Gecko) Chrome/64.0.3282.140 Safari/537.36 Edge/17.17134"
[2018-09-03T00:09:44.781] [INFO] access - ::1 - - "GET /posts/akitan HTTP/1.1" 200 1607 "http://localhost:3000/search" "Mozilla/5.0 (Windows NT 10.0; Win64; x64) AppleWebKit/537.36 (KHTML, like Gecko) Chrome/64.0.3282.140 Safari/537.36 Edge/17.17134"
[2018-09-03T00:09:46.208] [INFO] access - ::1 - - "GET /search/?keyword=&page=2 HTTP/1.1" 200 2645 "http://localhost:3000/search" "Mozilla/5.0 (Windows NT 10.0; Win64; x64) AppleWebKit/537.36 (KHTML, like Gecko) Chrome/64.0.3282.140 Safari/537.36 Edge/17.17134"
[2018-09-03T00:09:47.982] [INFO] access - ::1 - - "GET /search/?keyword=&page=1 HTTP/1.1" 200 2657 "http://localhost:3000/search/?keyword=&page=2" "Mozilla/5.0 (Windows NT 10.0; Win64; x64) AppleWebKit/537.36 (KHTML, like Gecko) Chrome/64.0.3282.140 Safari/537.36 Edge/17.17134"
[2018-09-03T00:09:49.841] [INFO] access - ::1 - - "GET /search/?keyword=&page=3 HTTP/1.1" 200 2804 "http://localhost:3000/search/?keyword=&page=1" "Mozilla/5.0 (Windows NT 10.0; Win64; x64) AppleWebKit/537.36 (KHTML, like Gecko) Chrome/64.0.3282.140 Safari/537.36 Edge/17.17134"
[2018-09-03T00:09:51.059] [INFO] access - ::1 - - "GET /posts/2017/07/nodejs-advanced.html HTTP/1.1" 200 1651 "http://localhost:3000/search/?keyword=&page=3" "Mozilla/5.0 (Windows NT 10.0; Win64; x64) AppleWebKit/537.36 (KHTML, like Gecko) Chrome/64.0.3282.140 Safari/537.36 Edge/17.17134"
[2018-09-03T00:09:52.614] [INFO] access - ::1 - - "GET /posts/2017/06/nodejs-basic.html HTTP/1.1" 200 1641 "http://localhost:3000/search/?keyword=&page=3" "Mozilla/5.0 (Windows NT 10.0; Win64; x64) AppleWebKit/537.36 (KHTML, like Gecko) Chrome/64.0.3282.140 Safari/537.36 Edge/17.17134"
[2018-09-03T00:09:54.292] [INFO] access - ::1 - - "GET /search/?keyword=&page=4 HTTP/1.1" 200 2508 "http://localhost:3000/search/?keyword=&page=3" "Mozilla/5.0 (Windows NT 10.0; Win64; x64) AppleWebKit/537.36 (KHTML, like Gecko) Chrome/64.0.3282.140 Safari/537.36 Edge/17.17134"
[2018-09-03T00:09:55.819] [INFO] access - ::1 - - "GET /posts/2017/05/hello-nodejs.html HTTP/1.1" 200 1643 "http://localhost:3000/search/?keyword=&page=4" "Mozilla/5.0 (Windows NT 10.0; Win64; x64) AppleWebKit/537.36 (KHTML, like Gecko) Chrome/64.0.3282.140 Safari/537.36 Edge/17.17134"
[2018-09-03T00:09:59.675] [INFO] access - ::1 - - "GET /search?keyword=%E3%81%82 HTTP/1.1" 200 2245 "http://localhost:3000/search/?keyword=&page=4" "Mozilla/5.0 (Windows NT 10.0; Win64; x64) AppleWebKit/537.36 (KHTML, like Gecko) Chrome/64.0.3282.140 Safari/537.36 Edge/17.17134"
[2018-09-03T00:10:02.063] [WARN] access - ::1 - - "GET /account HTTP/1.1" 302 72 "http://localhost:3000/search?keyword=%E3%81%82" "Mozilla/5.0 (Windows NT 10.0; Win64; x64) AppleWebKit/537.36 (KHTML, like Gecko) Chrome/64.0.3282.140 Safari/537.36 Edge/17.17134"
[2018-09-03T00:10:58.037] [WARN] access - ::1 - - "GET /search HTTP/1.1" 304 - "http://localhost:3000/search?keyword=%E3%81%82" "Mozilla/5.0 (Windows NT 10.0; Win64; x64) AppleWebKit/537.36 (KHTML, like Gecko) Chrome/64.0.3282.140 Safari/537.36 Edge/17.17134"
[2018-09-03T00:10:58.725] [WARN] access - ::1 - - "GET /account HTTP/1.1" 302 72 "http://localhost:3000/search" "Mozilla/5.0 (Windows NT 10.0; Win64; x64) AppleWebKit/537.36 (KHTML, like Gecko) Chrome/64.0.3282.140 Safari/537.36 Edge/17.17134"
[2018-09-03T00:11:27.435] [WARN] access - ::1 - - "GET /search HTTP/1.1" 304 - "http://localhost:3000/search?keyword=%E3%81%82" "Mozilla/5.0 (Windows NT 10.0; Win64; x64) AppleWebKit/537.36 (KHTML, like Gecko) Chrome/64.0.3282.140 Safari/537.36 Edge/17.17134"
[2018-09-03T00:11:29.148] [WARN] access - ::1 - - "GET /account HTTP/1.1" 302 72 "http://localhost:3000/search" "Mozilla/5.0 (Windows NT 10.0; Win64; x64) AppleWebKit/537.36 (KHTML, like Gecko) Chrome/64.0.3282.140 Safari/537.36 Edge/17.17134"
[2018-09-03T00:12:08.077] [WARN] access - ::1 - - "GET / HTTP/1.1" 304 - "" "Mozilla/5.0 (Windows NT 10.0; Win64; x64) AppleWebKit/537.36 (KHTML, like Gecko) Chrome/64.0.3282.140 Safari/537.36 Edge/17.17134"
[2018-09-03T00:12:09.353] [WARN] access - ::1 - - "GET /account HTTP/1.1" 302 72 "http://localhost:3000/" "Mozilla/5.0 (Windows NT 10.0; Win64; x64) AppleWebKit/537.36 (KHTML, like Gecko) Chrome/64.0.3282.140 Safari/537.36 Edge/17.17134"
[2018-09-03T00:12:09.370] [ERROR] access - ::1 - - "GET /account/login HTTP/1.1" 500 942 "http://localhost:3000/" "Mozilla/5.0 (Windows NT 10.0; Win64; x64) AppleWebKit/537.36 (KHTML, like Gecko) Chrome/64.0.3282.140 Safari/537.36 Edge/17.17134"
[2018-09-03T00:13:41.454] [WARN] access - ::1 - - "GET /account HTTP/1.1" 302 72 "http://localhost:3000/" "Mozilla/5.0 (Windows NT 10.0; Win64; x64) AppleWebKit/537.36 (KHTML, like Gecko) Chrome/64.0.3282.140 Safari/537.36 Edge/17.17134"
[2018-09-03T00:13:41.467] [ERROR] access - ::1 - - "GET /account/login HTTP/1.1" 500 942 "http://localhost:3000/" "Mozilla/5.0 (Windows NT 10.0; Win64; x64) AppleWebKit/537.36 (KHTML, like Gecko) Chrome/64.0.3282.140 Safari/537.36 Edge/17.17134"
[2018-09-03T00:13:44.327] [WARN] access - ::1 - - "GET /search HTTP/1.1" 304 - "http://localhost:3000/" "Mozilla/5.0 (Windows NT 10.0; Win64; x64) AppleWebKit/537.36 (KHTML, like Gecko) Chrome/64.0.3282.140 Safari/537.36 Edge/17.17134"
[2018-09-03T00:13:45.315] [WARN] access - ::1 - - "GET /account HTTP/1.1" 302 72 "http://localhost:3000/search" "Mozilla/5.0 (Windows NT 10.0; Win64; x64) AppleWebKit/537.36 (KHTML, like Gecko) Chrome/64.0.3282.140 Safari/537.36 Edge/17.17134"
[2018-09-03T00:13:45.330] [ERROR] access - ::1 - - "GET /account/login HTTP/1.1" 500 942 "http://localhost:3000/search" "Mozilla/5.0 (Windows NT 10.0; Win64; x64) AppleWebKit/537.36 (KHTML, like Gecko) Chrome/64.0.3282.140 Safari/537.36 Edge/17.17134"
[2018-09-03T00:15:34.774] [WARN] access - ::1 - - "GET / HTTP/1.1" 304 - "" "Mozilla/5.0 (Windows NT 10.0; Win64; x64) AppleWebKit/537.36 (KHTML, like Gecko) Chrome/64.0.3282.140 Safari/537.36 Edge/17.17134"
[2018-09-03T00:15:36.039] [WARN] access - ::1 - - "GET /account HTTP/1.1" 302 72 "http://localhost:3000/" "Mozilla/5.0 (Windows NT 10.0; Win64; x64) AppleWebKit/537.36 (KHTML, like Gecko) Chrome/64.0.3282.140 Safari/537.36 Edge/17.17134"
[2018-09-03T00:15:36.053] [ERROR] access - ::1 - - "GET /account/login HTTP/1.1" 500 942 "http://localhost:3000/" "Mozilla/5.0 (Windows NT 10.0; Win64; x64) AppleWebKit/537.36 (KHTML, like Gecko) Chrome/64.0.3282.140 Safari/537.36 Edge/17.17134"
[2018-09-03T00:18:09.046] [WARN] access - ::1 - - "GET / HTTP/1.1" 304 - "" "Mozilla/5.0 (Windows NT 10.0; Win64; x64) AppleWebKit/537.36 (KHTML, like Gecko) Chrome/64.0.3282.140 Safari/537.36 Edge/17.17134"
[2018-09-03T00:18:10.754] [WARN] access - ::1 - - "GET /account HTTP/1.1" 302 72 "http://localhost:3000/" "Mozilla/5.0 (Windows NT 10.0; Win64; x64) AppleWebKit/537.36 (KHTML, like Gecko) Chrome/64.0.3282.140 Safari/537.36 Edge/17.17134"
[2018-09-03T00:18:10.769] [ERROR] access - ::1 - - "GET /account/login HTTP/1.1" 500 942 "http://localhost:3000/" "Mozilla/5.0 (Windows NT 10.0; Win64; x64) AppleWebKit/537.36 (KHTML, like Gecko) Chrome/64.0.3282.140 Safari/537.36 Edge/17.17134"
[2018-09-03T22:58:27.161] [WARN] access - ::1 - - "GET / HTTP/1.1" 304 - "" "Mozilla/5.0 (Windows NT 10.0; Win64; x64) AppleWebKit/537.36 (KHTML, like Gecko) Chrome/64.0.3282.140 Safari/537.36 Edge/17.17134"
[2018-09-03T22:58:28.706] [WARN] access - ::1 - - "GET /account HTTP/1.1" 302 72 "http://localhost:3000/" "Mozilla/5.0 (Windows NT 10.0; Win64; x64) AppleWebKit/537.36 (KHTML, like Gecko) Chrome/64.0.3282.140 Safari/537.36 Edge/17.17134"
[2018-09-03T22:58:28.721] [ERROR] access - ::1 - - "GET /account/login HTTP/1.1" 500 942 "http://localhost:3000/" "Mozilla/5.0 (Windows NT 10.0; Win64; x64) AppleWebKit/537.36 (KHTML, like Gecko) Chrome/64.0.3282.140 Safari/537.36 Edge/17.17134"
[2018-09-03T23:04:01.826] [WARN] access - ::1 - - "GET / HTTP/1.1" 304 - "" "Mozilla/5.0 (Windows NT 10.0; Win64; x64) AppleWebKit/537.36 (KHTML, like Gecko) Chrome/64.0.3282.140 Safari/537.36 Edge/17.17134"
[2018-09-03T23:04:05.268] [WARN] access - ::1 - - "GET /account HTTP/1.1" 302 72 "http://localhost:3000/" "Mozilla/5.0 (Windows NT 10.0; Win64; x64) AppleWebKit/537.36 (KHTML, like Gecko) Chrome/64.0.3282.140 Safari/537.36 Edge/17.17134"
[2018-09-03T23:04:05.284] [INFO] access - ::1 - - "GET /account/login HTTP/1.1" 200 2090 "http://localhost:3000/" "Mozilla/5.0 (Windows NT 10.0; Win64; x64) AppleWebKit/537.36 (KHTML, like Gecko) Chrome/64.0.3282.140 Safari/537.36 Edge/17.17134"
[2018-09-03T23:04:11.727] [WARN] access - ::1 - - "POST /account/login HTTP/1.1" 302 72 "http://localhost:3000/account/login" "Mozilla/5.0 (Windows NT 10.0; Win64; x64) AppleWebKit/537.36 (KHTML, like Gecko) Chrome/64.0.3282.140 Safari/537.36 Edge/17.17134"
[2018-09-03T23:04:11.744] [INFO] access - ::1 - - "GET /account/login HTTP/1.1" 200 2218 "http://localhost:3000/account/login" "Mozilla/5.0 (Windows NT 10.0; Win64; x64) AppleWebKit/537.36 (KHTML, like Gecko) Chrome/64.0.3282.140 Safari/537.36 Edge/17.17134"
[2018-09-03T23:04:13.610] [WARN] access - ::1 - - "GET /account HTTP/1.1" 302 72 "" "Mozilla/5.0 (Windows NT 10.0; Win64; x64) AppleWebKit/537.36 (KHTML, like Gecko) Chrome/64.0.3282.140 Safari/537.36 Edge/17.17134"
[2018-09-03T23:04:13.628] [INFO] access - ::1 - - "GET /account/login HTTP/1.1" 200 2090 "" "Mozilla/5.0 (Windows NT 10.0; Win64; x64) AppleWebKit/537.36 (KHTML, like Gecko) Chrome/64.0.3282.140 Safari/537.36 Edge/17.17134"
[2018-09-03T23:04:14.704] [WARN] access - ::1 - - "GET /search HTTP/1.1" 304 - "http://localhost:3000/account/login" "Mozilla/5.0 (Windows NT 10.0; Win64; x64) AppleWebKit/537.36 (KHTML, like Gecko) Chrome/64.0.3282.140 Safari/537.36 Edge/17.17134"
[2018-09-03T23:04:15.558] [WARN] access - ::1 - - "GET /account HTTP/1.1" 302 72 "http://localhost:3000/search" "Mozilla/5.0 (Windows NT 10.0; Win64; x64) AppleWebKit/537.36 (KHTML, like Gecko) Chrome/64.0.3282.140 Safari/537.36 Edge/17.17134"
[2018-09-03T23:04:15.573] [WARN] access - ::1 - - "GET /account/login HTTP/1.1" 304 - "http://localhost:3000/search" "Mozilla/5.0 (Windows NT 10.0; Win64; x64) AppleWebKit/537.36 (KHTML, like Gecko) Chrome/64.0.3282.140 Safari/537.36 Edge/17.17134"
[2018-09-03T23:09:16.844] [INFO] access - ::1 - - "GET /account/login HTTP/1.1" 200 2249 "http://localhost:3000/search" "Mozilla/5.0 (Windows NT 10.0; Win64; x64) AppleWebKit/537.36 (KHTML, like Gecko) Chrome/64.0.3282.140 Safari/537.36 Edge/17.17134"
[2018-09-03T23:09:29.453] [INFO] access - ::1 - - "GET /account/login HTTP/1.1" 200 2249 "" "Mozilla/5.0 (Windows NT 10.0; Win64; x64) AppleWebKit/537.36 (KHTML, like Gecko) Chrome/64.0.3282.140 Safari/537.36 Edge/17.17134"
[2018-09-03T23:09:29.500] [INFO] access - ::1 - - "GET / HTTP/1.1" 200 1437 "" "Mozilla/5.0 (Windows NT 10.0; Win64; x64) AppleWebKit/537.36 (KHTML, like Gecko) Chrome/64.0.3282.140 Safari/537.36 Edge/17.17134"
[2018-09-03T23:09:29.528] [WARN] access - ::1 - - "GET /account HTTP/1.1" 302 36 "" "Mozilla/5.0 (Windows NT 10.0; Win64; x64) AppleWebKit/537.36 (KHTML, like Gecko) Chrome/64.0.3282.140 Safari/537.36 Edge/17.17134"
[2018-09-03T23:09:29.557] [INFO] access - ::1 - - "GET /account/login HTTP/1.1" 200 2249 "" "Mozilla/5.0 (Windows NT 10.0; Win64; x64) AppleWebKit/537.36 (KHTML, like Gecko) Chrome/64.0.3282.140 Safari/537.36 Edge/17.17134"
[2018-09-03T23:09:29.704] [INFO] access - ::1 - - "GET /search HTTP/1.1" 200 2657 "" "Mozilla/5.0 (Windows NT 10.0; Win64; x64) AppleWebKit/537.36 (KHTML, like Gecko) Chrome/64.0.3282.140 Safari/537.36 Edge/17.17134"
[2018-09-03T23:10:24.762] [INFO] access - ::1 - - "GET /account/login HTTP/1.1" 200 2248 "http://localhost:3000/search" "Mozilla/5.0 (Windows NT 10.0; Win64; x64) AppleWebKit/537.36 (KHTML, like Gecko) Chrome/64.0.3282.140 Safari/537.36 Edge/17.17134"
[2018-09-03T23:11:33.396] [WARN] access - ::1 - - "POST /account/login HTTP/1.1" 302 60 "http://localhost:3000/account/login" "Mozilla/5.0 (Windows NT 10.0; Win64; x64) AppleWebKit/537.36 (KHTML, like Gecko) Chrome/64.0.3282.140 Safari/537.36 Edge/17.17134"
[2018-09-03T23:11:33.423] [WARN] access - ::1 - - "GET /account HTTP/1.1" 304 - "http://localhost:3000/account/login" "Mozilla/5.0 (Windows NT 10.0; Win64; x64) AppleWebKit/537.36 (KHTML, like Gecko) Chrome/64.0.3282.140 Safari/537.36 Edge/17.17134"
[2018-09-03T23:11:37.022] [WARN] access - ::1 - - "GET /account HTTP/1.1" 304 - "http://localhost:3000/account" "Mozilla/5.0 (Windows NT 10.0; Win64; x64) AppleWebKit/537.36 (KHTML, like Gecko) Chrome/64.0.3282.140 Safari/537.36 Edge/17.17134"
[2018-09-03T23:11:38.289] [WARN] access - ::1 - - "GET /account/posts/regist/ HTTP/1.1" 304 - "http://localhost:3000/account" "Mozilla/5.0 (Windows NT 10.0; Win64; x64) AppleWebKit/537.36 (KHTML, like Gecko) Chrome/64.0.3282.140 Safari/537.36 Edge/17.17134"
[2018-09-03T23:11:45.158] [WARN] access - ::1 - - "GET /account HTTP/1.1" 304 - "http://localhost:3000/account" "Mozilla/5.0 (Windows NT 10.0; Win64; x64) AppleWebKit/537.36 (KHTML, like Gecko) Chrome/64.0.3282.140 Safari/537.36 Edge/17.17134"
[2018-09-03T23:11:45.895] [WARN] access - ::1 - - "GET /account HTTP/1.1" 304 - "http://localhost:3000/account" "Mozilla/5.0 (Windows NT 10.0; Win64; x64) AppleWebKit/537.36 (KHTML, like Gecko) Chrome/64.0.3282.140 Safari/537.36 Edge/17.17134"
[2018-09-03T23:11:47.195] [WARN] access - ::1 - - "GET /account HTTP/1.1" 304 - "http://localhost:3000/account" "Mozilla/5.0 (Windows NT 10.0; Win64; x64) AppleWebKit/537.36 (KHTML, like Gecko) Chrome/64.0.3282.140 Safari/537.36 Edge/17.17134"
[2018-09-03T23:11:52.696] [WARN] access - ::1 - - "GET / HTTP/1.1" 304 - "" "Mozilla/5.0 (Windows NT 10.0; Win64; x64) AppleWebKit/537.36 (KHTML, like Gecko) Chrome/64.0.3282.140 Safari/537.36 Edge/17.17134"
[2018-09-03T23:11:54.482] [WARN] access - ::1 - - "GET /account HTTP/1.1" 304 - "http://localhost:3000/" "Mozilla/5.0 (Windows NT 10.0; Win64; x64) AppleWebKit/537.36 (KHTML, like Gecko) Chrome/64.0.3282.140 Safari/537.36 Edge/17.17134"
[2018-09-03T23:12:00.028] [WARN] access - ::1 - - "GET /account HTTP/1.1" 302 36 "" "Mozilla/5.0 (Windows NT 10.0; Win64; x64) AppleWebKit/537.36 (KHTML, like Gecko) Chrome/64.0.3282.140 Safari/537.36 Edge/17.17134"
[2018-09-03T23:12:00.040] [INFO] access - ::1 - - "GET / HTTP/1.1" 200 1437 "" "Mozilla/5.0 (Windows NT 10.0; Win64; x64) AppleWebKit/537.36 (KHTML, like Gecko) Chrome/64.0.3282.140 Safari/537.36 Edge/17.17134"
[2018-09-03T23:12:00.069] [INFO] access - ::1 - - "GET /account/login HTTP/1.1" 200 2248 "" "Mozilla/5.0 (Windows NT 10.0; Win64; x64) AppleWebKit/537.36 (KHTML, like Gecko) Chrome/64.0.3282.140 Safari/537.36 Edge/17.17134"
[2018-09-03T23:12:16.994] [WARN] access - ::1 - - "GET /account HTTP/1.1" 304 - "http://localhost:3000/account" "Mozilla/5.0 (Windows NT 10.0; Win64; x64) AppleWebKit/537.36 (KHTML, like Gecko) Chrome/64.0.3282.140 Safari/537.36 Edge/17.17134"
[2018-09-03T23:12:18.400] [WARN] access - ::1 - - "GET /account HTTP/1.1" 304 - "http://localhost:3000/account" "Mozilla/5.0 (Windows NT 10.0; Win64; x64) AppleWebKit/537.36 (KHTML, like Gecko) Chrome/64.0.3282.140 Safari/537.36 Edge/17.17134"
[2018-09-03T23:12:19.377] [WARN] access - ::1 - - "GET /account HTTP/1.1" 304 - "http://localhost:3000/account" "Mozilla/5.0 (Windows NT 10.0; Win64; x64) AppleWebKit/537.36 (KHTML, like Gecko) Chrome/64.0.3282.140 Safari/537.36 Edge/17.17134"
[2018-09-03T23:12:20.469] [WARN] access - ::1 - - "GET /account/posts/regist/ HTTP/1.1" 304 - "http://localhost:3000/account" "Mozilla/5.0 (Windows NT 10.0; Win64; x64) AppleWebKit/537.36 (KHTML, like Gecko) Chrome/64.0.3282.140 Safari/537.36 Edge/17.17134"
[2018-09-03T23:12:22.773] [INFO] access - ::1 - - "GET /account/posts/regist/ HTTP/1.1" 200 3054 "" "Mozilla/5.0 (Windows NT 10.0; Win64; x64) AppleWebKit/537.36 (KHTML, like Gecko) Chrome/64.0.3282.140 Safari/537.36 Edge/17.17134"
[2018-09-03T23:12:44.253] [WARN] access - ::1 - - "GET /account HTTP/1.1" 302 72 "http://localhost:3000/account" "Mozilla/5.0 (Windows NT 10.0; Win64; x64) AppleWebKit/537.36 (KHTML, like Gecko) Chrome/64.0.3282.140 Safari/537.36 Edge/17.17134"
[2018-09-03T23:12:44.269] [WARN] access - ::1 - - "GET /account/login HTTP/1.1" 304 - "http://localhost:3000/account" "Mozilla/5.0 (Windows NT 10.0; Win64; x64) AppleWebKit/537.36 (KHTML, like Gecko) Chrome/64.0.3282.140 Safari/537.36 Edge/17.17134"
[2018-09-03T23:12:44.595] [WARN] access - ::1 - - "GET /account HTTP/1.1" 302 36 "" "Mozilla/5.0 (Windows NT 10.0; Win64; x64) AppleWebKit/537.36 (KHTML, like Gecko) Chrome/64.0.3282.140 Safari/537.36 Edge/17.17134"
[2018-09-03T23:12:44.611] [WARN] access - ::1 - - "GET /account/login HTTP/1.1" 304 - "" "Mozilla/5.0 (Windows NT 10.0; Win64; x64) AppleWebKit/537.36 (KHTML, like Gecko) Chrome/64.0.3282.140 Safari/537.36 Edge/17.17134"
[2018-09-03T23:12:48.930] [WARN] access - ::1 - - "GET / HTTP/1.1" 304 - "http://localhost:3000/" "Mozilla/5.0 (Windows NT 10.0; Win64; x64) AppleWebKit/537.36 (KHTML, like Gecko) Chrome/64.0.3282.140 Safari/537.36 Edge/17.17134"
[2018-09-03T23:12:52.923] [WARN] access - ::1 - - "GET /account HTTP/1.1" 302 72 "http://localhost:3000/" "Mozilla/5.0 (Windows NT 10.0; Win64; x64) AppleWebKit/537.36 (KHTML, like Gecko) Chrome/64.0.3282.140 Safari/537.36 Edge/17.17134"
[2018-09-03T23:12:52.938] [WARN] access - ::1 - - "GET /account/login HTTP/1.1" 304 - "http://localhost:3000/" "Mozilla/5.0 (Windows NT 10.0; Win64; x64) AppleWebKit/537.36 (KHTML, like Gecko) Chrome/64.0.3282.140 Safari/537.36 Edge/17.17134"
[2018-09-03T23:12:54.581] [WARN] access - ::1 - - "GET /account HTTP/1.1" 302 72 "http://localhost:3000/account/login" "Mozilla/5.0 (Windows NT 10.0; Win64; x64) AppleWebKit/537.36 (KHTML, like Gecko) Chrome/64.0.3282.140 Safari/537.36 Edge/17.17134"
[2018-09-03T23:12:54.596] [WARN] access - ::1 - - "GET /account/login HTTP/1.1" 304 - "http://localhost:3000/account/login" "Mozilla/5.0 (Windows NT 10.0; Win64; x64) AppleWebKit/537.36 (KHTML, like Gecko) Chrome/64.0.3282.140 Safari/537.36 Edge/17.17134"
[2018-09-03T23:12:57.212] [WARN] access - ::1 - - "POST /account/login HTTP/1.1" 302 72 "http://localhost:3000/account/login" "Mozilla/5.0 (Windows NT 10.0; Win64; x64) AppleWebKit/537.36 (KHTML, like Gecko) Chrome/64.0.3282.140 Safari/537.36 Edge/17.17134"
[2018-09-03T23:12:57.227] [WARN] access - ::1 - - "GET /account/login HTTP/1.1" 304 - "http://localhost:3000/account/login" "Mozilla/5.0 (Windows NT 10.0; Win64; x64) AppleWebKit/537.36 (KHTML, like Gecko) Chrome/64.0.3282.140 Safari/537.36 Edge/17.17134"
[2018-09-03T23:13:00.224] [WARN] access - ::1 - - "POST /account/login HTTP/1.1" 302 72 "" "Mozilla/5.0 (Windows NT 10.0; Win64; x64) AppleWebKit/537.36 (KHTML, like Gecko) Chrome/64.0.3282.140 Safari/537.36 Edge/17.17134"
[2018-09-03T23:13:00.243] [WARN] access - ::1 - - "GET /account/login HTTP/1.1" 304 - "" "Mozilla/5.0 (Windows NT 10.0; Win64; x64) AppleWebKit/537.36 (KHTML, like Gecko) Chrome/64.0.3282.140 Safari/537.36 Edge/17.17134"
[2018-09-03T23:13:02.850] [WARN] access - ::1 - - "POST /account/login HTTP/1.1" 302 72 "" "Mozilla/5.0 (Windows NT 10.0; Win64; x64) AppleWebKit/537.36 (KHTML, like Gecko) Chrome/64.0.3282.140 Safari/537.36 Edge/17.17134"
[2018-09-03T23:13:02.869] [INFO] access - ::1 - - "GET /account/login HTTP/1.1" 200 2384 "" "Mozilla/5.0 (Windows NT 10.0; Win64; x64) AppleWebKit/537.36 (KHTML, like Gecko) Chrome/64.0.3282.140 Safari/537.36 Edge/17.17134"
[2018-09-03T23:13:11.013] [WARN] access - ::1 - - "POST /account/login HTTP/1.1" 302 72 "" "Mozilla/5.0 (Windows NT 10.0; Win64; x64) AppleWebKit/537.36 (KHTML, like Gecko) Chrome/64.0.3282.140 Safari/537.36 Edge/17.17134"
[2018-09-03T23:13:11.026] [WARN] access - ::1 - - "GET /account/login HTTP/1.1" 304 - "" "Mozilla/5.0 (Windows NT 10.0; Win64; x64) AppleWebKit/537.36 (KHTML, like Gecko) Chrome/64.0.3282.140 Safari/537.36 Edge/17.17134"
[2018-09-03T23:22:22.657] [WARN] access - ::1 - - "GET / HTTP/1.1" 304 - "" "Mozilla/5.0 (Windows NT 10.0; Win64; x64) AppleWebKit/537.36 (KHTML, like Gecko) Chrome/64.0.3282.140 Safari/537.36 Edge/17.17134"
[2018-09-03T23:22:25.293] [WARN] access - ::1 - - "GET /account HTTP/1.1" 302 72 "http://localhost:3000/" "Mozilla/5.0 (Windows NT 10.0; Win64; x64) AppleWebKit/537.36 (KHTML, like Gecko) Chrome/64.0.3282.140 Safari/537.36 Edge/17.17134"
[2018-09-03T23:22:25.309] [INFO] access - ::1 - - "GET /account/login HTTP/1.1" 200 2248 "http://localhost:3000/" "Mozilla/5.0 (Windows NT 10.0; Win64; x64) AppleWebKit/537.36 (KHTML, like Gecko) Chrome/64.0.3282.140 Safari/537.36 Edge/17.17134"
[2018-09-03T23:22:35.282] [WARN] access - ::1 - - "POST /account/login HTTP/1.1" 302 72 "http://localhost:3000/account/login" "Mozilla/5.0 (Windows NT 10.0; Win64; x64) AppleWebKit/537.36 (KHTML, like Gecko) Chrome/64.0.3282.140 Safari/537.36 Edge/17.17134"
[2018-09-03T23:22:35.299] [INFO] access - ::1 - - "GET /account/login HTTP/1.1" 200 2384 "http://localhost:3000/account/login" "Mozilla/5.0 (Windows NT 10.0; Win64; x64) AppleWebKit/537.36 (KHTML, like Gecko) Chrome/64.0.3282.140 Safari/537.36 Edge/17.17134"
[2018-09-03T23:23:29.905] [WARN] access - ::1 - - "POST /account/login HTTP/1.1" 302 60 "" "Mozilla/5.0 (Windows NT 10.0; Win64; x64) AppleWebKit/537.36 (KHTML, like Gecko) Chrome/64.0.3282.140 Safari/537.36 Edge/17.17134"
[2018-09-03T23:23:29.934] [WARN] access - ::1 - - "GET /account HTTP/1.1" 304 - "" "Mozilla/5.0 (Windows NT 10.0; Win64; x64) AppleWebKit/537.36 (KHTML, like Gecko) Chrome/64.0.3282.140 Safari/537.36 Edge/17.17134"
[2018-09-03T23:23:34.296] [WARN] access - ::1 - - "GET /account HTTP/1.1" 304 - "http://localhost:3000/account" "Mozilla/5.0 (Windows NT 10.0; Win64; x64) AppleWebKit/537.36 (KHTML, like Gecko) Chrome/64.0.3282.140 Safari/537.36 Edge/17.17134"
[2018-09-03T23:23:36.649] [INFO] access - ::1 - - "GET /account/login HTTP/1.1" 200 2248 "" "Mozilla/5.0 (Windows NT 10.0; Win64; x64) AppleWebKit/537.36 (KHTML, like Gecko) Chrome/64.0.3282.140 Safari/537.36 Edge/17.17134"
[2018-09-03T23:23:37.490] [WARN] access - ::1 - - "GET / HTTP/1.1" 304 - "" "Mozilla/5.0 (Windows NT 10.0; Win64; x64) AppleWebKit/537.36 (KHTML, like Gecko) Chrome/64.0.3282.140 Safari/537.36 Edge/17.17134"
[2018-09-03T23:24:06.613] [WARN] access - ::1 - - "GET /account/posts/regist/ HTTP/1.1" 304 - "http://localhost:3000/account" "Mozilla/5.0 (Windows NT 10.0; Win64; x64) AppleWebKit/537.36 (KHTML, like Gecko) Chrome/64.0.3282.140 Safari/537.36 Edge/17.17134"
[2018-09-03T23:24:08.506] [WARN] access - ::1 - - "GET /search HTTP/1.1" 304 - "http://localhost:3000/account" "Mozilla/5.0 (Windows NT 10.0; Win64; x64) AppleWebKit/537.36 (KHTML, like Gecko) Chrome/64.0.3282.140 Safari/537.36 Edge/17.17134"
[2018-09-03T23:24:09.147] [WARN] access - ::1 - - "GET /account HTTP/1.1" 302 72 "http://localhost:3000/search" "Mozilla/5.0 (Windows NT 10.0; Win64; x64) AppleWebKit/537.36 (KHTML, like Gecko) Chrome/64.0.3282.140 Safari/537.36 Edge/17.17134"
[2018-09-03T23:24:09.161] [WARN] access - ::1 - - "GET /account/login HTTP/1.1" 304 - "http://localhost:3000/search" "Mozilla/5.0 (Windows NT 10.0; Win64; x64) AppleWebKit/537.36 (KHTML, like Gecko) Chrome/64.0.3282.140 Safari/537.36 Edge/17.17134"
[2018-09-03T23:24:12.437] [WARN] access - ::1 - - "POST /account/login HTTP/1.1" 302 72 "http://localhost:3000/account/login" "Mozilla/5.0 (Windows NT 10.0; Win64; x64) AppleWebKit/537.36 (KHTML, like Gecko) Chrome/64.0.3282.140 Safari/537.36 Edge/17.17134"
[2018-09-03T23:24:12.462] [WARN] access - ::1 - - "GET /account/login HTTP/1.1" 304 - "http://localhost:3000/account/login" "Mozilla/5.0 (Windows NT 10.0; Win64; x64) AppleWebKit/537.36 (KHTML, like Gecko) Chrome/64.0.3282.140 Safari/537.36 Edge/17.17134"
[2018-09-03T23:24:16.601] [WARN] access - ::1 - - "POST /account/login HTTP/1.1" 302 72 "" "Mozilla/5.0 (Windows NT 10.0; Win64; x64) AppleWebKit/537.36 (KHTML, like Gecko) Chrome/64.0.3282.140 Safari/537.36 Edge/17.17134"
[2018-09-03T23:24:16.617] [INFO] access - ::1 - - "GET /account/login HTTP/1.1" 200 2384 "" "Mozilla/5.0 (Windows NT 10.0; Win64; x64) AppleWebKit/537.36 (KHTML, like Gecko) Chrome/64.0.3282.140 Safari/537.36 Edge/17.17134"
[2018-09-03T23:27:55.241] [WARN] access - ::1 - - "GET /account/ HTTP/1.1" 302 72 "" "Mozilla/5.0 (Windows NT 10.0; Win64; x64) AppleWebKit/537.36 (KHTML, like Gecko) Chrome/64.0.3282.140 Safari/537.36 Edge/17.17134"
[2018-09-03T23:27:55.264] [INFO] access - ::1 - - "GET /account/login HTTP/1.1" 200 2248 "" "Mozilla/5.0 (Windows NT 10.0; Win64; x64) AppleWebKit/537.36 (KHTML, like Gecko) Chrome/64.0.3282.140 Safari/537.36 Edge/17.17134"
[2018-09-03T23:28:01.705] [WARN] access - ::1 - - "GET /account/posts/regist/ HTTP/1.1" 304 - "" "Mozilla/5.0 (Windows NT 10.0; Win64; x64) AppleWebKit/537.36 (KHTML, like Gecko) Chrome/64.0.3282.140 Safari/537.36 Edge/17.17134"
