[2018-07-09T00:33:49.107] [ERROR] system - c:\webapp\views\posts\index.ejs:16
    14| 
    15|       <div class="border-bottom mt-5 mb-5">
 >> 16|         <h1><%= title%></h1>
    17|       </div>
    18|       <dl class="row mt-5 mb-5">
    19|         <dt class="col-3">公開日：</dt>

title is not defined
[2018-07-11T22:36:26.968] [ERROR] system - Unexpected token } in c:\webapp\views\search\list.ejs while compiling ejs

If the above error is not helpful, you may want to try EJS-Lint:
https://github.com/RyanZim/EJS-Lint
[2018-07-11T22:37:32.517] [ERROR] system - Unexpected token } in c:\webapp\views\search\list.ejs while compiling ejs

If the above error is not helpful, you may want to try EJS-Lint:
https://github.com/RyanZim/EJS-Lint
[2018-07-11T22:38:56.213] [ERROR] system - Unexpected token } in c:\webapp\views\search\list.ejs while compiling ejs

If the above error is not helpful, you may want to try EJS-Lint:
https://github.com/RyanZim/EJS-Lint
[2018-07-11T22:42:17.041] [ERROR] system - Unexpected token } in c:\webapp\views\search\list.ejs while compiling ejs

If the above error is not helpful, you may want to try EJS-Lint:
https://github.com/RyanZim/EJS-Lint
[2018-07-11T22:45:07.795] [ERROR] system - Unexpected token } in c:\webapp\views\search\list.ejs while compiling ejs

If the above error is not helpful, you may want to try EJS-Lint:
https://github.com/RyanZim/EJS-Lint
[2018-07-11T22:46:06.649] [ERROR] system - Unexpected token } in c:\webapp\views\search\list.ejs while compiling ejs

If the above error is not helpful, you may want to try EJS-Lint:
https://github.com/RyanZim/EJS-Lint
[2018-07-11T22:46:11.072] [ERROR] system - Unexpected token } in c:\webapp\views\search\list.ejs while compiling ejs

If the above error is not helpful, you may want to try EJS-Lint:
https://github.com/RyanZim/EJS-Lint
[2018-07-11T22:46:12.570] [ERROR] system - Unexpected token } in c:\webapp\views\search\list.ejs while compiling ejs

If the above error is not helpful, you may want to try EJS-Lint:
https://github.com/RyanZim/EJS-Lint
[2018-07-11T22:46:14.416] [ERROR] system - Unexpected token } in c:\webapp\views\search\list.ejs while compiling ejs

If the above error is not helpful, you may want to try EJS-Lint:
https://github.com/RyanZim/EJS-Lint
[2018-07-11T22:46:20.551] [ERROR] system - Unexpected token } in c:\webapp\views\search\list.ejs while compiling ejs

If the above error is not helpful, you may want to try EJS-Lint:
https://github.com/RyanZim/EJS-Lint
[2018-07-11T22:50:27.506] [ERROR] system - Unexpected token } in c:\webapp\views\search\list.ejs while compiling ejs

If the above error is not helpful, you may want to try EJS-Lint:
https://github.com/RyanZim/EJS-Lint
[2018-07-11T22:53:14.469] [ERROR] system - Unexpected token } in c:\webapp\views\search\list.ejs while compiling ejs

If the above error is not helpful, you may want to try EJS-Lint:
https://github.com/RyanZim/EJS-Lint
[2018-07-11T22:55:38.487] [ERROR] system - Unexpected token } in c:\webapp\views\search\list.ejs while compiling ejs

If the above error is not helpful, you may want to try EJS-Lint:
https://github.com/RyanZim/EJS-Lint
<<<<<<< HEAD
[2018-07-14T09:28:55.013] [ERROR] system - Failed to lookup view "../views/index.ejs" in views directory "c:\webapp\views"
=======
>>>>>>> 8cfe8911b29d007e6600b9beb1d6684b3926e97e
[2018-07-21T20:38:56.566] [ERROR] system - c:\webapp\views\posts\index.ejs:16
    14| 
    15|       <div class="border-bottom mt-5 mb-5">
 >> 16|         <h1><%= title%></h1>
    17|       </div>
    18|       <dl class="row mt-5 mb-5">
    19|         <dt class="col-3">公開日：</dt>

title is not defined
[2018-07-21T20:39:49.682] [ERROR] system - c:\webapp\views\posts\index.ejs:16
    14| 
    15|       <div class="border-bottom mt-5 mb-5">
 >> 16|         <h1><%= title%></h1>
    17|       </div>
    18|       <dl class="row mt-5 mb-5">
    19|         <dt class="col-3">公開日：</dt>

title is not defined
[2018-07-21T20:40:44.185] [ERROR] system - c:\webapp\views\posts\index.ejs:16
    14| 
    15|       <div class="border-bottom mt-5 mb-5">
 >> 16|         <h1><%= title%></h1>
    17|       </div>
    18|       <dl class="row mt-5 mb-5">
    19|         <dt class="col-3">公開日：</dt>

title is not defined
[2018-07-21T20:40:48.555] [ERROR] system - c:\webapp\views\posts\index.ejs:16
    14| 
    15|       <div class="border-bottom mt-5 mb-5">
 >> 16|         <h1><%= title%></h1>
    17|       </div>
    18|       <dl class="row mt-5 mb-5">
    19|         <dt class="col-3">公開日：</dt>

title is not defined
[2018-07-21T20:40:54.814] [ERROR] system - c:\webapp\views\posts\index.ejs:16
    14| 
    15|       <div class="border-bottom mt-5 mb-5">
 >> 16|         <h1><%= title%></h1>
    17|       </div>
    18|       <dl class="row mt-5 mb-5">
    19|         <dt class="col-3">公開日：</dt>

title is not defined
[2018-07-21T22:13:43.614] [ERROR] system - bodr is not defined
[2018-07-21T22:16:12.989] [ERROR] system - bodr is not defined
[2018-07-21T22:17:04.657] [ERROR] system - Cannot read property 'url' of undefined
[2018-07-21T22:18:48.646] [ERROR] system - Cannot read property 'url' of undefined
[2018-07-21T22:20:09.951] [ERROR] system - Cannot read property 'url' of undefined
[2018-07-21T22:26:28.943] [ERROR] system - Cannot read property 'url' of undefined
[2018-07-21T22:45:12.970] [ERROR] system - c:\webapp\views\account\posts\regist-form.ejs:27
    25|             var original = locals.original || {};
    26|           %>
 >> 27|           <% if (local.errors) { %>
    28|            <% for(var key in errors) {%>
    29|             <div><i class="fa fa-exclamation-circle fa-fw mr-2"></i><%= errors[key] %></div>
    30|            <% } %>

local is not defined
[2018-07-21T22:45:55.855] [ERROR] system - c:\webapp\views\account\posts\regist-form.ejs:27
    25|           <label for="url" class="col-sm-2 col-form-label">URL:</label>
    26|           <div class="col-sm-10">
 >> 27|             <input type="text" class="form-control <%= errors.url ? is-invalid : '' %>" id="url" name="url" value="<%= original.url %>"/>
    28|           </div>
    29|         </div>
    30|         <div class="form-group row">

errors is not defined
[2018-07-21T23:08:08.439] [ERROR] system - erros is not defined
[2018-07-21T23:08:41.974] [ERROR] system - erros is not defined
[2018-07-21T23:09:12.300] [ERROR] system - c:\webapp\views\account\posts\regist-form.ejs:35
    33|           <label for="url" class="col-sm-2 col-form-label">URL:</label>
    34|           <div class="col-sm-10">
 >> 35|             <input type="text" class="form-control <%= errors.url ? is-invalid : '' %>" id="url" name="url" value="<%= original.url %>"/>
    36|           </div>
    37|         </div>
    38|         <div class="form-group row">

is is not defined
[2018-09-03T00:12:09.362] [ERROR] system - Cannot find module 'js'
[2018-09-03T00:13:41.462] [ERROR] system - Cannot find module 'js'
[2018-09-03T00:13:45.323] [ERROR] system - Cannot find module 'js'
[2018-09-03T00:15:36.047] [ERROR] system - Cannot find module 'js'
[2018-09-03T00:18:10.764] [ERROR] system - Cannot find module 'js'
[2018-09-03T22:58:28.713] [ERROR] system - Cannot find module 'js'
[2018-09-07T00:34:30.655] [ERROR] system - user is not defined
[2018-09-07T00:36:03.781] [ERROR] system - user is not defined
[2018-09-07T00:36:06.404] [ERROR] system - user is not defined
[2018-09-08T23:15:19.557] [ERROR] system - c:\webapp\views\posts\index.ejs:16
    14| 
    15|       <div class="border-bottom mt-5 mb-5">
 >> 16|         <h1><%= title%></h1>
    17|       </div>
    18|       <dl class="row mt-5 mb-5">
    19|         <dt class="col-3">公開日：</dt>

title is not defined
[2018-09-09T00:02:14.625] [ERROR] system - next is not defined
[2018-09-09T00:03:18.004] [ERROR] system - next is not defined
[2018-09-09T00:03:39.155] [ERROR] system - next is not defined
[2018-09-09T01:20:18.851] [ERROR] system - Hello World.
[2018-09-09T01:20:49.134] [ERROR] system - Hello World.
[2018-09-09T01:20:51.606] [ERROR] system - Hello World.
[2018-09-09T01:21:02.114] [ERROR] system - Hello World.
[2018-09-09T01:21:08.455] [ERROR] system - Hello World.
[2018-09-09T01:21:09.453] [ERROR] system - Hello World.
[2018-09-09T01:21:10.755] [ERROR] system - Hello World.
[2018-09-09T01:21:46.430] [ERROR] system - Hello World.
[2018-09-09T01:33:34.632] [ERROR] system - Hello World.
[2018-09-09T01:33:36.365] [ERROR] system - Hello World.
[2018-09-09T01:36:14.741] [ERROR] system - Hello World.
[2018-09-09T01:36:34.626] [ERROR] system - Hello World.
[2018-09-09T01:36:47.955] [ERROR] system - Hello World.
[2018-09-09T01:36:50.762] [ERROR] system - Hello World.
[2018-09-09T01:46:15.127] [ERROR] system - Hello World.
[2018-09-09T02:03:34.917] [ERROR] system - Hello World.
[2018-09-09T02:21:42.196] [ERROR] system - c:\webapp\views\posts\index.ejs:16
    14| 
    15|       <div class="border-bottom mt-5 mb-5">
 >> 16|         <h1><%= title%></h1>
    17|       </div>
    18|       <dl class="row mt-5 mb-5">
    19|         <dt class="col-3">公開日：</dt>

title is not defined
